<?xml version="1.0" encoding="UTF-8"?>
<!-- Generated by org.testng.reporters.JUnitReportReporter -->
<testsuite skipped="0" hostname="DESKTOP-03P7KFF" name="test.regression.UserProfileRelated" tests="1" failures="0" timestamp="27 Jul 2019 17:31:57 GMT" time="0.001" errors="0">
  <testcase name="test_case_one" time="0.001" classname="test.regression.UserProfileRelated"/>
</testsuite> <!-- test.regression.UserProfileRelated -->
