<?xml version="1.0" encoding="UTF-8"?>
<!-- Generated by org.testng.reporters.JUnitReportReporter -->
<testsuite skipped="0" hostname="DESKTOP-03P7KFF" name="test.smoke.AccounteRelated" tests="1" failures="0" timestamp="27 Jul 2019 17:31:57 GMT" time="6.321" errors="0">
  <testcase name="testcase_t1234" time="6.321" classname="test.smoke.AccounteRelated"/>
</testsuite> <!-- test.smoke.AccounteRelated -->
